INFO:httpx:HTTP Request: POST https://api.telegram.org/bot7779786808:AAHul6zZde15UvoPbGb5aMm-KvtvROpqfB8/getMe "HTTP/1.1 200 OK"
INFO:httpx:HTTP Request: POST https://api.telegram.org/bot7779786808:AAHul6zZde15UvoPbGb5aMm-KvtvROpqfB8/deleteWebhook "HTTP/1.1 200 OK"
INFO:telegram.ext.Application:Application started
INFO:httpx:HTTP Request: POST https://api.telegram.org/bot7779786808:AAHul6zZde15UvoPbGb5aMm-KvtvROpqfB8/getUpdates "HTTP/1.1 200 OK"
INFO:httpx:HTTP Request: POST https://api.telegram.org/bot7779786808:AAHul6zZde15UvoPbGb5aMm-KvtvROpqfB8/sendMessage "HTTP/1.1 200 OK"
INFO:httpx:HTTP Request: POST https://api.telegram.org/bot7779786808:AAHul6zZde15UvoPbGb5aMm-KvtvROpqfB8/sendMessage "HTTP/1.1 200 OK"
INFO:httpx:HTTP Request: POST https://api.telegram.org/bot7779786808:AAHul6zZde15UvoPbGb5aMm-KvtvROpqfB8/sendMessage "HTTP/1.1 200 OK"
INFO:httpx:HTTP Request: POST https://api.telegram.org/bot7779786808:AAHul6zZde15UvoPbGb5aMm-KvtvROpqfB8/sendMessage "HTTP/1.1 200 OK"
INFO:httpx:HTTP Request: POST https://api.telegram.org/bot7779786808:AAHul6zZde15UvoPbGb5aMm-KvtvROpqfB8/getUpdates "HTTP/1.1 200 OK"
INFO:root:[DEBUG] Matched intent: greet
INFO:httpx:HTTP Request: POST https://api.telegram.org/bot7779786808:AAHul6zZde15UvoPbGb5aMm-KvtvROpqfB8/sendMessage "HTTP/1.1 200 OK"
INFO:httpx:HTTP Request: POST https://api.telegram.org/bot7779786808:AAHul6zZde15UvoPbGb5aMm-KvtvROpqfB8/sendMessage "HTTP/1.1 200 OK"
INFO:httpx:HTTP Request: POST https://api.telegram.org/bot7779786808:AAHul6zZde15UvoPbGb5aMm-KvtvROpqfB8/getUpdates "HTTP/1.1 200 OK"
INFO:httpx:HTTP Request: POST https://api.telegram.org/bot7779786808:AAHul6zZde15UvoPbGb5aMm-KvtvROpqfB8/getUpdates "HTTP/1.1 200 OK"
INFO:httpx:HTTP Request: POST https://api.telegram.org/bot7779786808:AAHul6zZde15UvoPbGb5aMm-KvtvROpqfB8/getUpdates "HTTP/1.1 200 OK"
INFO:httpx:HTTP Request: POST https://api.telegram.org/bot7779786808:AAHul6zZde15UvoPbGb5aMm-KvtvROpqfB8/getUpdates "HTTP/1.1 200 OK"
INFO:httpx:HTTP Request: POST https://api.telegram.org/bot7779786808:AAHul6zZde15UvoPbGb5aMm-KvtvROpqfB8/getUpdates "HTTP/1.1 200 OK"
INFO:httpx:HTTP Request: POST https://api.telegram.org/bot7779786808:AAHul6zZde15UvoPbGb5aMm-KvtvROpqfB8/getUpdates "HTTP/1.1 200 OK"
INFO:httpx:HTTP Request: POST https://api.telegram.org/bot7779786808:AAHul6zZde15UvoPbGb5aMm-KvtvROpqfB8/getUpdates "HTTP/1.1 200 OK"
INFO:httpx:HTTP Request: POST https://api.telegram.org/bot7779786808:AAHul6zZde15UvoPbGb5aMm-KvtvROpqfB8/getUpdates "HTTP/1.1 200 OK"
INFO:httpx:HTTP Request: POST https://api.telegram.org/bot7779786808:AAHul6zZde15UvoPbGb5aMm-KvtvROpqfB8/getUpdates "HTTP/1.1 200 OK"
INFO:httpx:HTTP Request: POST https://api.telegram.org/bot7779786808:AAHul6zZde15UvoPbGb5aMm-KvtvROpqfB8/getUpdates "HTTP/1.1 200 OK"
INFO:httpx:HTTP Request: POST https://api.telegram.org/bot7779786808:AAHul6zZde15UvoPbGb5aMm-KvtvROpqfB8/getUpdates "HTTP/1.1 200 OK"
INFO:httpx:HTTP Request: POST https://api.telegram.org/bot7779786808:AAHul6zZde15UvoPbGb5aMm-KvtvROpqfB8/getUpdates "HTTP/1.1 200 OK"
INFO:httpx:HTTP Request: POST https://api.telegram.org/bot7779786808:AAHul6zZde15UvoPbGb5aMm-KvtvROpqfB8/getUpdates "HTTP/1.1 200 OK"
INFO:httpx:HTTP Request: POST https://api.telegram.org/bot7779786808:AAHul6zZde15UvoPbGb5aMm-KvtvROpqfB8/getUpdates "HTTP/1.1 200 OK"
INFO:httpx:HTTP Request: POST https://api.telegram.org/bot7779786808:AAHul6zZde15UvoPbGb5aMm-KvtvROpqfB8/getUpdates "HTTP/1.1 200 OK"
INFO:httpx:HTTP Request: POST https://api.telegram.org/bot7779786808:AAHul6zZde15UvoPbGb5aMm-KvtvROpqfB8/getUpdates "HTTP/1.1 200 OK"
INFO:httpx:HTTP Request: POST https://api.telegram.org/bot7779786808:AAHul6zZde15UvoPbGb5aMm-KvtvROpqfB8/getUpdates "HTTP/1.1 200 OK"
INFO:httpx:HTTP Request: POST https://api.telegram.org/bot7779786808:AAHul6zZde15UvoPbGb5aMm-KvtvROpqfB8/getUpdates "HTTP/1.1 200 OK"
INFO:httpx:HTTP Request: POST https://api.telegram.org/bot7779786808:AAHul6zZde15UvoPbGb5aMm-KvtvROpqfB8/getUpdates "HTTP/1.1 200 OK"
INFO:httpx:HTTP Request: POST https://api.telegram.org/bot7779786808:AAHul6zZde15UvoPbGb5aMm-KvtvROpqfB8/getUpdates "HTTP/1.1 200 OK"
INFO:httpx:HTTP Request: POST https://api.telegram.org/bot7779786808:AAHul6zZde15UvoPbGb5aMm-KvtvROpqfB8/getUpdates "HTTP/1.1 200 OK"
INFO:httpx:HTTP Request: POST https://api.telegram.org/bot7779786808:AAHul6zZde15UvoPbGb5aMm-KvtvROpqfB8/getUpdates "HTTP/1.1 200 OK"
INFO:httpx:HTTP Request: POST https://api.telegram.org/bot7779786808:AAHul6zZde15UvoPbGb5aMm-KvtvROpqfB8/getUpdates "HTTP/1.1 200 OK"
INFO:httpx:HTTP Request: POST https://api.telegram.org/bot7779786808:AAHul6zZde15UvoPbGb5aMm-KvtvROpqfB8/getUpdates "HTTP/1.1 200 OK"
INFO:httpx:HTTP Request: POST https://api.telegram.org/bot7779786808:AAHul6zZde15UvoPbGb5aMm-KvtvROpqfB8/getUpdates "HTTP/1.1 200 OK"
INFO:httpx:HTTP Request: POST https://api.telegram.org/bot7779786808:AAHul6zZde15UvoPbGb5aMm-KvtvROpqfB8/getUpdates "HTTP/1.1 200 OK"
INFO:httpx:HTTP Request: POST https://api.telegram.org/bot7779786808:AAHul6zZde15UvoPbGb5aMm-KvtvROpqfB8/getUpdates "HTTP/1.1 200 OK"
INFO:httpx:HTTP Request: POST https://api.telegram.org/bot7779786808:AAHul6zZde15UvoPbGb5aMm-KvtvROpqfB8/getUpdates "HTTP/1.1 200 OK"
INFO:httpx:HTTP Request: POST https://api.telegram.org/bot7779786808:AAHul6zZde15UvoPbGb5aMm-KvtvROpqfB8/getUpdates "HTTP/1.1 200 OK"
INFO:httpx:HTTP Request: POST https://api.telegram.org/bot7779786808:AAHul6zZde15UvoPbGb5aMm-KvtvROpqfB8/getUpdates "HTTP/1.1 200 OK"
INFO:httpx:HTTP Request: POST https://api.telegram.org/bot7779786808:AAHul6zZde15UvoPbGb5aMm-KvtvROpqfB8/getUpdates "HTTP/1.1 200 OK"
INFO:httpx:HTTP Request: POST https://api.telegram.org/bot7779786808:AAHul6zZde15UvoPbGb5aMm-KvtvROpqfB8/getUpdates "HTTP/1.1 200 OK"
INFO:httpx:HTTP Request: POST https://api.telegram.org/bot7779786808:AAHul6zZde15UvoPbGb5aMm-KvtvROpqfB8/getUpdates "HTTP/1.1 200 OK"
INFO:httpx:HTTP Request: POST https://api.telegram.org/bot7779786808:AAHul6zZde15UvoPbGb5aMm-KvtvROpqfB8/getUpdates "HTTP/1.1 200 OK"
INFO:httpx:HTTP Request: POST https://api.telegram.org/bot7779786808:AAHul6zZde15UvoPbGb5aMm-KvtvROpqfB8/getUpdates "HTTP/1.1 200 OK"
INFO:httpx:HTTP Request: POST https://api.telegram.org/bot7779786808:AAHul6zZde15UvoPbGb5aMm-KvtvROpqfB8/getUpdates "HTTP/1.1 200 OK"
INFO:httpx:HTTP Request: POST https://api.telegram.org/bot7779786808:AAHul6zZde15UvoPbGb5aMm-KvtvROpqfB8/getUpdates "HTTP/1.1 200 OK"
INFO:httpx:HTTP Request: POST https://api.telegram.org/bot7779786808:AAHul6zZde15UvoPbGb5aMm-KvtvROpqfB8/getUpdates "HTTP/1.1 200 OK"
INFO:httpx:HTTP Request: POST https://api.telegram.org/bot7779786808:AAHul6zZde15UvoPbGb5aMm-KvtvROpqfB8/getUpdates "HTTP/1.1 200 OK"
INFO:httpx:HTTP Request: POST https://api.telegram.org/bot7779786808:AAHul6zZde15UvoPbGb5aMm-KvtvROpqfB8/getUpdates "HTTP/1.1 200 OK"
INFO:httpx:HTTP Request: POST https://api.telegram.org/bot7779786808:AAHul6zZde15UvoPbGb5aMm-KvtvROpqfB8/getUpdates "HTTP/1.1 200 OK"
INFO:httpx:HTTP Request: POST https://api.telegram.org/bot7779786808:AAHul6zZde15UvoPbGb5aMm-KvtvROpqfB8/getUpdates "HTTP/1.1 200 OK"
INFO:httpx:HTTP Request: POST https://api.telegram.org/bot7779786808:AAHul6zZde15UvoPbGb5aMm-KvtvROpqfB8/getUpdates "HTTP/1.1 200 OK"
INFO:httpx:HTTP Request: POST https://api.telegram.org/bot7779786808:AAHul6zZde15UvoPbGb5aMm-KvtvROpqfB8/getUpdates "HTTP/1.1 200 OK"
INFO:httpx:HTTP Request: POST https://api.telegram.org/bot7779786808:AAHul6zZde15UvoPbGb5aMm-KvtvROpqfB8/getUpdates "HTTP/1.1 200 OK"
INFO:httpx:HTTP Request: POST https://api.telegram.org/bot7779786808:AAHul6zZde15UvoPbGb5aMm-KvtvROpqfB8/getUpdates "HTTP/1.1 200 OK"
INFO:httpx:HTTP Request: POST https://api.telegram.org/bot7779786808:AAHul6zZde15UvoPbGb5aMm-KvtvROpqfB8/getUpdates "HTTP/1.1 200 OK"
INFO:httpx:HTTP Request: POST https://api.telegram.org/bot7779786808:AAHul6zZde15UvoPbGb5aMm-KvtvROpqfB8/getUpdates "HTTP/1.1 200 OK"
INFO:httpx:HTTP Request: POST https://api.telegram.org/bot7779786808:AAHul6zZde15UvoPbGb5aMm-KvtvROpqfB8/getUpdates "HTTP/1.1 200 OK"
INFO:httpx:HTTP Request: POST https://api.telegram.org/bot7779786808:AAHul6zZde15UvoPbGb5aMm-KvtvROpqfB8/getUpdates "HTTP/1.1 200 OK"
INFO:httpx:HTTP Request: POST https://api.telegram.org/bot7779786808:AAHul6zZde15UvoPbGb5aMm-KvtvROpqfB8/getUpdates "HTTP/1.1 200 OK"
INFO:httpx:HTTP Request: POST https://api.telegram.org/bot7779786808:AAHul6zZde15UvoPbGb5aMm-KvtvROpqfB8/getUpdates "HTTP/1.1 200 OK"
INFO:httpx:HTTP Request: POST https://api.telegram.org/bot7779786808:AAHul6zZde15UvoPbGb5aMm-KvtvROpqfB8/getUpdates "HTTP/1.1 200 OK"
INFO:httpx:HTTP Request: POST https://api.telegram.org/bot7779786808:AAHul6zZde15UvoPbGb5aMm-KvtvROpqfB8/getUpdates "HTTP/1.1 200 OK"
INFO:httpx:HTTP Request: POST https://api.telegram.org/bot7779786808:AAHul6zZde15UvoPbGb5aMm-KvtvROpqfB8/getUpdates "HTTP/1.1 200 OK"
INFO:httpx:HTTP Request: POST https://api.telegram.org/bot7779786808:AAHul6zZde15UvoPbGb5aMm-KvtvROpqfB8/getUpdates "HTTP/1.1 200 OK"
INFO:httpx:HTTP Request: POST https://api.telegram.org/bot7779786808:AAHul6zZde15UvoPbGb5aMm-KvtvROpqfB8/getUpdates "HTTP/1.1 200 OK"
INFO:httpx:HTTP Request: POST https://api.telegram.org/bot7779786808:AAHul6zZde15UvoPbGb5aMm-KvtvROpqfB8/getUpdates "HTTP/1.1 200 OK"
INFO:httpx:HTTP Request: POST https://api.telegram.org/bot7779786808:AAHul6zZde15UvoPbGb5aMm-KvtvROpqfB8/getUpdates "HTTP/1.1 200 OK"
INFO:httpx:HTTP Request: POST https://api.telegram.org/bot7779786808:AAHul6zZde15UvoPbGb5aMm-KvtvROpqfB8/getUpdates "HTTP/1.1 200 OK"
INFO:httpx:HTTP Request: POST https://api.telegram.org/bot7779786808:AAHul6zZde15UvoPbGb5aMm-KvtvROpqfB8/getUpdates "HTTP/1.1 200 OK"
INFO:httpx:HTTP Request: POST https://api.telegram.org/bot7779786808:AAHul6zZde15UvoPbGb5aMm-KvtvROpqfB8/getUpdates "HTTP/1.1 200 OK"
INFO:httpx:HTTP Request: POST https://api.telegram.org/bot7779786808:AAHul6zZde15UvoPbGb5aMm-KvtvROpqfB8/getUpdates "HTTP/1.1 200 OK"
INFO:httpx:HTTP Request: POST https://api.telegram.org/bot7779786808:AAHul6zZde15UvoPbGb5aMm-KvtvROpqfB8/getUpdates "HTTP/1.1 200 OK"
INFO:httpx:HTTP Request: POST https://api.telegram.org/bot7779786808:AAHul6zZde15UvoPbGb5aMm-KvtvROpqfB8/getUpdates "HTTP/1.1 200 OK"
INFO:httpx:HTTP Request: POST https://api.telegram.org/bot7779786808:AAHul6zZde15UvoPbGb5aMm-KvtvROpqfB8/getUpdates "HTTP/1.1 200 OK"
INFO:httpx:HTTP Request: POST https://api.telegram.org/bot7779786808:AAHul6zZde15UvoPbGb5aMm-KvtvROpqfB8/getUpdates "HTTP/1.1 200 OK"
INFO:httpx:HTTP Request: POST https://api.telegram.org/bot7779786808:AAHul6zZde15UvoPbGb5aMm-KvtvROpqfB8/getUpdates "HTTP/1.1 200 OK"
INFO:httpx:HTTP Request: POST https://api.telegram.org/bot7779786808:AAHul6zZde15UvoPbGb5aMm-KvtvROpqfB8/getUpdates "HTTP/1.1 200 OK"
INFO:httpx:HTTP Request: POST https://api.telegram.org/bot7779786808:AAHul6zZde15UvoPbGb5aMm-KvtvROpqfB8/getUpdates "HTTP/1.1 200 OK"
INFO:httpx:HTTP Request: POST https://api.telegram.org/bot7779786808:AAHul6zZde15UvoPbGb5aMm-KvtvROpqfB8/getUpdates "HTTP/1.1 200 OK"
INFO:httpx:HTTP Request: POST https://api.telegram.org/bot7779786808:AAHul6zZde15UvoPbGb5aMm-KvtvROpqfB8/getUpdates "HTTP/1.1 200 OK"
INFO:httpx:HTTP Request: POST https://api.telegram.org/bot7779786808:AAHul6zZde15UvoPbGb5aMm-KvtvROpqfB8/getUpdates "HTTP/1.1 200 OK"
INFO:httpx:HTTP Request: POST https://api.telegram.org/bot7779786808:AAHul6zZde15UvoPbGb5aMm-KvtvROpqfB8/getUpdates "HTTP/1.1 200 OK"
INFO:httpx:HTTP Request: POST https://api.telegram.org/bot7779786808:AAHul6zZde15UvoPbGb5aMm-KvtvROpqfB8/getUpdates "HTTP/1.1 200 OK"
INFO:httpx:HTTP Request: POST https://api.telegram.org/bot7779786808:AAHul6zZde15UvoPbGb5aMm-KvtvROpqfB8/getUpdates "HTTP/1.1 200 OK"
INFO:httpx:HTTP Request: POST https://api.telegram.org/bot7779786808:AAHul6zZde15UvoPbGb5aMm-KvtvROpqfB8/getUpdates "HTTP/1.1 200 OK"
INFO:httpx:HTTP Request: POST https://api.telegram.org/bot7779786808:AAHul6zZde15UvoPbGb5aMm-KvtvROpqfB8/getUpdates "HTTP/1.1 200 OK"
INFO:httpx:HTTP Request: POST https://api.telegram.org/bot7779786808:AAHul6zZde15UvoPbGb5aMm-KvtvROpqfB8/getUpdates "HTTP/1.1 200 OK"
INFO:httpx:HTTP Request: POST https://api.telegram.org/bot7779786808:AAHul6zZde15UvoPbGb5aMm-KvtvROpqfB8/getUpdates "HTTP/1.1 200 OK"
INFO:httpx:HTTP Request: POST https://api.telegram.org/bot7779786808:AAHul6zZde15UvoPbGb5aMm-KvtvROpqfB8/getUpdates "HTTP/1.1 200 OK"
INFO:httpx:HTTP Request: POST https://api.telegram.org/bot7779786808:AAHul6zZde15UvoPbGb5aMm-KvtvROpqfB8/getUpdates "HTTP/1.1 200 OK"
INFO:httpx:HTTP Request: POST https://api.telegram.org/bot7779786808:AAHul6zZde15UvoPbGb5aMm-KvtvROpqfB8/getUpdates "HTTP/1.1 200 OK"
INFO:httpx:HTTP Request: POST https://api.telegram.org/bot7779786808:AAHul6zZde15UvoPbGb5aMm-KvtvROpqfB8/getUpdates "HTTP/1.1 200 OK"
INFO:httpx:HTTP Request: POST https://api.telegram.org/bot7779786808:AAHul6zZde15UvoPbGb5aMm-KvtvROpqfB8/getUpdates "HTTP/1.1 200 OK"
